<?xml version="1.0" encoding="UTF-8"?>
<!-- Generated by org.testng.reporters.JUnitReportReporter -->
<testsuite hostname="TYSS-4F-062" name="milon.YahooTest" tests="1" failures="0" timestamp="3 Mar 2018 05:15:48 GMT" time="32.598" errors="0">
  <testcase name="ConfigYahoo" time="32.598" classname="milon.YahooTest"/>
</testsuite> <!-- milon.YahooTest -->
